Created by PLY version 3.11 (http://www.dabeaz.com/ply)

Unused terminals:

    STRING

Grammar

Rule 0     S' -> init
Rule 1     init -> commandsI
Rule 2     commandsI -> commandsI command
Rule 3     commandsI -> command
Rule 4     command -> mkdisk_block
Rule 5     command -> rmdisk_block
Rule 6     command -> fdisk_block
Rule 7     command -> mount_block
Rule 8     command -> unmount_block
Rule 9     mkdisk_block -> MKDISK mkdisk_params
Rule 10    rmdisk_block -> RMDISK SEPARATOR PATH ASSIGN PATHWITHQUOTES
Rule 11    rmdisk_block -> RMDISK SEPARATOR PATH ASSIGN PATHWITHOUTQUOTES
Rule 12    mkdisk_params -> mkdisk_params mkdisk_param
Rule 13    mkdisk_params -> mkdisk_param
Rule 14    mkdisk_param -> SEPARATOR SIZE ASSIGN NUMBER
Rule 15    mkdisk_param -> SEPARATOR PATH ASSIGN PATHWITHQUOTES
Rule 16    mkdisk_param -> SEPARATOR PATH ASSIGN PATHWITHOUTQUOTES
Rule 17    mkdisk_param -> SEPARATOR UNIT ASSIGN ID
Rule 18    mkdisk_param -> SEPARATOR FIT ASSIGN ID
Rule 19    fdisk_block -> FDISK fdisk_params
Rule 20    fdisk_params -> fdisk_params fdisk_param
Rule 21    fdisk_params -> fdisk_param
Rule 22    fdisk_param -> SEPARATOR SIZE ASSIGN NUMBER
Rule 23    fdisk_param -> SEPARATOR PATH ASSIGN PATHWITHQUOTES
Rule 24    fdisk_param -> SEPARATOR PATH ASSIGN PATHWITHOUTQUOTES
Rule 25    fdisk_param -> SEPARATOR NAME ASSIGN ID
Rule 26    fdisk_param -> SEPARATOR NAME ASSIGN PATHWITHOUTQUOTES
Rule 27    fdisk_param -> SEPARATOR UNIT ASSIGN ID
Rule 28    fdisk_param -> SEPARATOR TYPE ASSIGN ID
Rule 29    fdisk_param -> SEPARATOR FIT ASSIGN ID
Rule 30    fdisk_param -> SEPARATOR DELETE ASSIGN ID
Rule 31    fdisk_param -> SEPARATOR ADD ASSIGN NUMBER
Rule 32    fdisk_param -> SEPARATOR ADD ASSIGN NEGATIVE
Rule 33    mount_block -> MOUNT mount_params
Rule 34    mount_params -> mount_params mount_param
Rule 35    mount_params -> mount_param
Rule 36    mount_param -> SEPARATOR PATH ASSIGN PATHWITHQUOTES
Rule 37    mount_param -> SEPARATOR PATH ASSIGN PATHWITHOUTQUOTES
Rule 38    mount_param -> SEPARATOR NAME ASSIGN ID
Rule 39    unmount_block -> UNMOUNT unmount_params
Rule 40    unmount_params -> unmount_params unmount_param
Rule 41    unmount_params -> unmount_param
Rule 42    unmount_param -> SEPARATOR ID_PARAM ASSIGN MOUNTNAME

Terminals, with rules where they appear

ADD                  : 31 32
ASSIGN               : 10 11 14 15 16 17 18 22 23 24 25 26 27 28 29 30 31 32 36 37 38 42
DELETE               : 30
FDISK                : 19
FIT                  : 18 29
ID                   : 17 18 25 27 28 29 30 38
ID_PARAM             : 42
MKDISK               : 9
MOUNT                : 33
MOUNTNAME            : 42
NAME                 : 25 26 38
NEGATIVE             : 32
NUMBER               : 14 22 31
PATH                 : 10 11 15 16 23 24 36 37
PATHWITHOUTQUOTES    : 11 16 24 26 37
PATHWITHQUOTES       : 10 15 23 36
RMDISK               : 10 11
SEPARATOR            : 10 11 14 15 16 17 18 22 23 24 25 26 27 28 29 30 31 32 36 37 38 42
SIZE                 : 14 22
STRING               : 
TYPE                 : 28
UNIT                 : 17 27
UNMOUNT              : 39
error                : 

Nonterminals, with rules where they appear

command              : 2 3
commandsI            : 1 2
fdisk_block          : 6
fdisk_param          : 20 21
fdisk_params         : 19 20
init                 : 0
mkdisk_block         : 4
mkdisk_param         : 12 13
mkdisk_params        : 9 12
mount_block          : 7
mount_param          : 34 35
mount_params         : 33 34
rmdisk_block         : 5
unmount_block        : 8
unmount_param        : 40 41
unmount_params       : 39 40

Parsing method: LALR

state 0

    (0) S' -> . init
    (1) init -> . commandsI
    (2) commandsI -> . commandsI command
    (3) commandsI -> . command
    (4) command -> . mkdisk_block
    (5) command -> . rmdisk_block
    (6) command -> . fdisk_block
    (7) command -> . mount_block
    (8) command -> . unmount_block
    (9) mkdisk_block -> . MKDISK mkdisk_params
    (10) rmdisk_block -> . RMDISK SEPARATOR PATH ASSIGN PATHWITHQUOTES
    (11) rmdisk_block -> . RMDISK SEPARATOR PATH ASSIGN PATHWITHOUTQUOTES
    (19) fdisk_block -> . FDISK fdisk_params
    (33) mount_block -> . MOUNT mount_params
    (39) unmount_block -> . UNMOUNT unmount_params

    MKDISK          shift and go to state 9
    RMDISK          shift and go to state 10
    FDISK           shift and go to state 11
    MOUNT           shift and go to state 12
    UNMOUNT         shift and go to state 13

    init                           shift and go to state 1
    commandsI                      shift and go to state 2
    command                        shift and go to state 3
    mkdisk_block                   shift and go to state 4
    rmdisk_block                   shift and go to state 5
    fdisk_block                    shift and go to state 6
    mount_block                    shift and go to state 7
    unmount_block                  shift and go to state 8

state 1

    (0) S' -> init .



state 2

    (1) init -> commandsI .
    (2) commandsI -> commandsI . command
    (4) command -> . mkdisk_block
    (5) command -> . rmdisk_block
    (6) command -> . fdisk_block
    (7) command -> . mount_block
    (8) command -> . unmount_block
    (9) mkdisk_block -> . MKDISK mkdisk_params
    (10) rmdisk_block -> . RMDISK SEPARATOR PATH ASSIGN PATHWITHQUOTES
    (11) rmdisk_block -> . RMDISK SEPARATOR PATH ASSIGN PATHWITHOUTQUOTES
    (19) fdisk_block -> . FDISK fdisk_params
    (33) mount_block -> . MOUNT mount_params
    (39) unmount_block -> . UNMOUNT unmount_params

    $end            reduce using rule 1 (init -> commandsI .)
    MKDISK          shift and go to state 9
    RMDISK          shift and go to state 10
    FDISK           shift and go to state 11
    MOUNT           shift and go to state 12
    UNMOUNT         shift and go to state 13

    command                        shift and go to state 14
    mkdisk_block                   shift and go to state 4
    rmdisk_block                   shift and go to state 5
    fdisk_block                    shift and go to state 6
    mount_block                    shift and go to state 7
    unmount_block                  shift and go to state 8

state 3

    (3) commandsI -> command .

    MKDISK          reduce using rule 3 (commandsI -> command .)
    RMDISK          reduce using rule 3 (commandsI -> command .)
    FDISK           reduce using rule 3 (commandsI -> command .)
    MOUNT           reduce using rule 3 (commandsI -> command .)
    UNMOUNT         reduce using rule 3 (commandsI -> command .)
    $end            reduce using rule 3 (commandsI -> command .)


state 4

    (4) command -> mkdisk_block .

    MKDISK          reduce using rule 4 (command -> mkdisk_block .)
    RMDISK          reduce using rule 4 (command -> mkdisk_block .)
    FDISK           reduce using rule 4 (command -> mkdisk_block .)
    MOUNT           reduce using rule 4 (command -> mkdisk_block .)
    UNMOUNT         reduce using rule 4 (command -> mkdisk_block .)
    $end            reduce using rule 4 (command -> mkdisk_block .)


state 5

    (5) command -> rmdisk_block .

    MKDISK          reduce using rule 5 (command -> rmdisk_block .)
    RMDISK          reduce using rule 5 (command -> rmdisk_block .)
    FDISK           reduce using rule 5 (command -> rmdisk_block .)
    MOUNT           reduce using rule 5 (command -> rmdisk_block .)
    UNMOUNT         reduce using rule 5 (command -> rmdisk_block .)
    $end            reduce using rule 5 (command -> rmdisk_block .)


state 6

    (6) command -> fdisk_block .

    MKDISK          reduce using rule 6 (command -> fdisk_block .)
    RMDISK          reduce using rule 6 (command -> fdisk_block .)
    FDISK           reduce using rule 6 (command -> fdisk_block .)
    MOUNT           reduce using rule 6 (command -> fdisk_block .)
    UNMOUNT         reduce using rule 6 (command -> fdisk_block .)
    $end            reduce using rule 6 (command -> fdisk_block .)


state 7

    (7) command -> mount_block .

    MKDISK          reduce using rule 7 (command -> mount_block .)
    RMDISK          reduce using rule 7 (command -> mount_block .)
    FDISK           reduce using rule 7 (command -> mount_block .)
    MOUNT           reduce using rule 7 (command -> mount_block .)
    UNMOUNT         reduce using rule 7 (command -> mount_block .)
    $end            reduce using rule 7 (command -> mount_block .)


state 8

    (8) command -> unmount_block .

    MKDISK          reduce using rule 8 (command -> unmount_block .)
    RMDISK          reduce using rule 8 (command -> unmount_block .)
    FDISK           reduce using rule 8 (command -> unmount_block .)
    MOUNT           reduce using rule 8 (command -> unmount_block .)
    UNMOUNT         reduce using rule 8 (command -> unmount_block .)
    $end            reduce using rule 8 (command -> unmount_block .)


state 9

    (9) mkdisk_block -> MKDISK . mkdisk_params
    (12) mkdisk_params -> . mkdisk_params mkdisk_param
    (13) mkdisk_params -> . mkdisk_param
    (14) mkdisk_param -> . SEPARATOR SIZE ASSIGN NUMBER
    (15) mkdisk_param -> . SEPARATOR PATH ASSIGN PATHWITHQUOTES
    (16) mkdisk_param -> . SEPARATOR PATH ASSIGN PATHWITHOUTQUOTES
    (17) mkdisk_param -> . SEPARATOR UNIT ASSIGN ID
    (18) mkdisk_param -> . SEPARATOR FIT ASSIGN ID

    SEPARATOR       shift and go to state 17

    mkdisk_params                  shift and go to state 15
    mkdisk_param                   shift and go to state 16

state 10

    (10) rmdisk_block -> RMDISK . SEPARATOR PATH ASSIGN PATHWITHQUOTES
    (11) rmdisk_block -> RMDISK . SEPARATOR PATH ASSIGN PATHWITHOUTQUOTES

    SEPARATOR       shift and go to state 18


state 11

    (19) fdisk_block -> FDISK . fdisk_params
    (20) fdisk_params -> . fdisk_params fdisk_param
    (21) fdisk_params -> . fdisk_param
    (22) fdisk_param -> . SEPARATOR SIZE ASSIGN NUMBER
    (23) fdisk_param -> . SEPARATOR PATH ASSIGN PATHWITHQUOTES
    (24) fdisk_param -> . SEPARATOR PATH ASSIGN PATHWITHOUTQUOTES
    (25) fdisk_param -> . SEPARATOR NAME ASSIGN ID
    (26) fdisk_param -> . SEPARATOR NAME ASSIGN PATHWITHOUTQUOTES
    (27) fdisk_param -> . SEPARATOR UNIT ASSIGN ID
    (28) fdisk_param -> . SEPARATOR TYPE ASSIGN ID
    (29) fdisk_param -> . SEPARATOR FIT ASSIGN ID
    (30) fdisk_param -> . SEPARATOR DELETE ASSIGN ID
    (31) fdisk_param -> . SEPARATOR ADD ASSIGN NUMBER
    (32) fdisk_param -> . SEPARATOR ADD ASSIGN NEGATIVE

    SEPARATOR       shift and go to state 21

    fdisk_params                   shift and go to state 19
    fdisk_param                    shift and go to state 20

state 12

    (33) mount_block -> MOUNT . mount_params
    (34) mount_params -> . mount_params mount_param
    (35) mount_params -> . mount_param
    (36) mount_param -> . SEPARATOR PATH ASSIGN PATHWITHQUOTES
    (37) mount_param -> . SEPARATOR PATH ASSIGN PATHWITHOUTQUOTES
    (38) mount_param -> . SEPARATOR NAME ASSIGN ID

    SEPARATOR       shift and go to state 24

    mount_params                   shift and go to state 22
    mount_param                    shift and go to state 23

state 13

    (39) unmount_block -> UNMOUNT . unmount_params
    (40) unmount_params -> . unmount_params unmount_param
    (41) unmount_params -> . unmount_param
    (42) unmount_param -> . SEPARATOR ID_PARAM ASSIGN MOUNTNAME

    SEPARATOR       shift and go to state 27

    unmount_params                 shift and go to state 25
    unmount_param                  shift and go to state 26

state 14

    (2) commandsI -> commandsI command .

    MKDISK          reduce using rule 2 (commandsI -> commandsI command .)
    RMDISK          reduce using rule 2 (commandsI -> commandsI command .)
    FDISK           reduce using rule 2 (commandsI -> commandsI command .)
    MOUNT           reduce using rule 2 (commandsI -> commandsI command .)
    UNMOUNT         reduce using rule 2 (commandsI -> commandsI command .)
    $end            reduce using rule 2 (commandsI -> commandsI command .)


state 15

    (9) mkdisk_block -> MKDISK mkdisk_params .
    (12) mkdisk_params -> mkdisk_params . mkdisk_param
    (14) mkdisk_param -> . SEPARATOR SIZE ASSIGN NUMBER
    (15) mkdisk_param -> . SEPARATOR PATH ASSIGN PATHWITHQUOTES
    (16) mkdisk_param -> . SEPARATOR PATH ASSIGN PATHWITHOUTQUOTES
    (17) mkdisk_param -> . SEPARATOR UNIT ASSIGN ID
    (18) mkdisk_param -> . SEPARATOR FIT ASSIGN ID

    MKDISK          reduce using rule 9 (mkdisk_block -> MKDISK mkdisk_params .)
    RMDISK          reduce using rule 9 (mkdisk_block -> MKDISK mkdisk_params .)
    FDISK           reduce using rule 9 (mkdisk_block -> MKDISK mkdisk_params .)
    MOUNT           reduce using rule 9 (mkdisk_block -> MKDISK mkdisk_params .)
    UNMOUNT         reduce using rule 9 (mkdisk_block -> MKDISK mkdisk_params .)
    $end            reduce using rule 9 (mkdisk_block -> MKDISK mkdisk_params .)
    SEPARATOR       shift and go to state 17

    mkdisk_param                   shift and go to state 28

state 16

    (13) mkdisk_params -> mkdisk_param .

    SEPARATOR       reduce using rule 13 (mkdisk_params -> mkdisk_param .)
    MKDISK          reduce using rule 13 (mkdisk_params -> mkdisk_param .)
    RMDISK          reduce using rule 13 (mkdisk_params -> mkdisk_param .)
    FDISK           reduce using rule 13 (mkdisk_params -> mkdisk_param .)
    MOUNT           reduce using rule 13 (mkdisk_params -> mkdisk_param .)
    UNMOUNT         reduce using rule 13 (mkdisk_params -> mkdisk_param .)
    $end            reduce using rule 13 (mkdisk_params -> mkdisk_param .)


state 17

    (14) mkdisk_param -> SEPARATOR . SIZE ASSIGN NUMBER
    (15) mkdisk_param -> SEPARATOR . PATH ASSIGN PATHWITHQUOTES
    (16) mkdisk_param -> SEPARATOR . PATH ASSIGN PATHWITHOUTQUOTES
    (17) mkdisk_param -> SEPARATOR . UNIT ASSIGN ID
    (18) mkdisk_param -> SEPARATOR . FIT ASSIGN ID

    SIZE            shift and go to state 29
    PATH            shift and go to state 30
    UNIT            shift and go to state 31
    FIT             shift and go to state 32


state 18

    (10) rmdisk_block -> RMDISK SEPARATOR . PATH ASSIGN PATHWITHQUOTES
    (11) rmdisk_block -> RMDISK SEPARATOR . PATH ASSIGN PATHWITHOUTQUOTES

    PATH            shift and go to state 33


state 19

    (19) fdisk_block -> FDISK fdisk_params .
    (20) fdisk_params -> fdisk_params . fdisk_param
    (22) fdisk_param -> . SEPARATOR SIZE ASSIGN NUMBER
    (23) fdisk_param -> . SEPARATOR PATH ASSIGN PATHWITHQUOTES
    (24) fdisk_param -> . SEPARATOR PATH ASSIGN PATHWITHOUTQUOTES
    (25) fdisk_param -> . SEPARATOR NAME ASSIGN ID
    (26) fdisk_param -> . SEPARATOR NAME ASSIGN PATHWITHOUTQUOTES
    (27) fdisk_param -> . SEPARATOR UNIT ASSIGN ID
    (28) fdisk_param -> . SEPARATOR TYPE ASSIGN ID
    (29) fdisk_param -> . SEPARATOR FIT ASSIGN ID
    (30) fdisk_param -> . SEPARATOR DELETE ASSIGN ID
    (31) fdisk_param -> . SEPARATOR ADD ASSIGN NUMBER
    (32) fdisk_param -> . SEPARATOR ADD ASSIGN NEGATIVE

    MKDISK          reduce using rule 19 (fdisk_block -> FDISK fdisk_params .)
    RMDISK          reduce using rule 19 (fdisk_block -> FDISK fdisk_params .)
    FDISK           reduce using rule 19 (fdisk_block -> FDISK fdisk_params .)
    MOUNT           reduce using rule 19 (fdisk_block -> FDISK fdisk_params .)
    UNMOUNT         reduce using rule 19 (fdisk_block -> FDISK fdisk_params .)
    $end            reduce using rule 19 (fdisk_block -> FDISK fdisk_params .)
    SEPARATOR       shift and go to state 21

    fdisk_param                    shift and go to state 34

state 20

    (21) fdisk_params -> fdisk_param .

    SEPARATOR       reduce using rule 21 (fdisk_params -> fdisk_param .)
    MKDISK          reduce using rule 21 (fdisk_params -> fdisk_param .)
    RMDISK          reduce using rule 21 (fdisk_params -> fdisk_param .)
    FDISK           reduce using rule 21 (fdisk_params -> fdisk_param .)
    MOUNT           reduce using rule 21 (fdisk_params -> fdisk_param .)
    UNMOUNT         reduce using rule 21 (fdisk_params -> fdisk_param .)
    $end            reduce using rule 21 (fdisk_params -> fdisk_param .)


state 21

    (22) fdisk_param -> SEPARATOR . SIZE ASSIGN NUMBER
    (23) fdisk_param -> SEPARATOR . PATH ASSIGN PATHWITHQUOTES
    (24) fdisk_param -> SEPARATOR . PATH ASSIGN PATHWITHOUTQUOTES
    (25) fdisk_param -> SEPARATOR . NAME ASSIGN ID
    (26) fdisk_param -> SEPARATOR . NAME ASSIGN PATHWITHOUTQUOTES
    (27) fdisk_param -> SEPARATOR . UNIT ASSIGN ID
    (28) fdisk_param -> SEPARATOR . TYPE ASSIGN ID
    (29) fdisk_param -> SEPARATOR . FIT ASSIGN ID
    (30) fdisk_param -> SEPARATOR . DELETE ASSIGN ID
    (31) fdisk_param -> SEPARATOR . ADD ASSIGN NUMBER
    (32) fdisk_param -> SEPARATOR . ADD ASSIGN NEGATIVE

    SIZE            shift and go to state 35
    PATH            shift and go to state 36
    NAME            shift and go to state 37
    UNIT            shift and go to state 38
    TYPE            shift and go to state 39
    FIT             shift and go to state 40
    DELETE          shift and go to state 41
    ADD             shift and go to state 42


state 22

    (33) mount_block -> MOUNT mount_params .
    (34) mount_params -> mount_params . mount_param
    (36) mount_param -> . SEPARATOR PATH ASSIGN PATHWITHQUOTES
    (37) mount_param -> . SEPARATOR PATH ASSIGN PATHWITHOUTQUOTES
    (38) mount_param -> . SEPARATOR NAME ASSIGN ID

    MKDISK          reduce using rule 33 (mount_block -> MOUNT mount_params .)
    RMDISK          reduce using rule 33 (mount_block -> MOUNT mount_params .)
    FDISK           reduce using rule 33 (mount_block -> MOUNT mount_params .)
    MOUNT           reduce using rule 33 (mount_block -> MOUNT mount_params .)
    UNMOUNT         reduce using rule 33 (mount_block -> MOUNT mount_params .)
    $end            reduce using rule 33 (mount_block -> MOUNT mount_params .)
    SEPARATOR       shift and go to state 24

    mount_param                    shift and go to state 43

state 23

    (35) mount_params -> mount_param .

    SEPARATOR       reduce using rule 35 (mount_params -> mount_param .)
    MKDISK          reduce using rule 35 (mount_params -> mount_param .)
    RMDISK          reduce using rule 35 (mount_params -> mount_param .)
    FDISK           reduce using rule 35 (mount_params -> mount_param .)
    MOUNT           reduce using rule 35 (mount_params -> mount_param .)
    UNMOUNT         reduce using rule 35 (mount_params -> mount_param .)
    $end            reduce using rule 35 (mount_params -> mount_param .)


state 24

    (36) mount_param -> SEPARATOR . PATH ASSIGN PATHWITHQUOTES
    (37) mount_param -> SEPARATOR . PATH ASSIGN PATHWITHOUTQUOTES
    (38) mount_param -> SEPARATOR . NAME ASSIGN ID

    PATH            shift and go to state 44
    NAME            shift and go to state 45


state 25

    (39) unmount_block -> UNMOUNT unmount_params .
    (40) unmount_params -> unmount_params . unmount_param
    (42) unmount_param -> . SEPARATOR ID_PARAM ASSIGN MOUNTNAME

    MKDISK          reduce using rule 39 (unmount_block -> UNMOUNT unmount_params .)
    RMDISK          reduce using rule 39 (unmount_block -> UNMOUNT unmount_params .)
    FDISK           reduce using rule 39 (unmount_block -> UNMOUNT unmount_params .)
    MOUNT           reduce using rule 39 (unmount_block -> UNMOUNT unmount_params .)
    UNMOUNT         reduce using rule 39 (unmount_block -> UNMOUNT unmount_params .)
    $end            reduce using rule 39 (unmount_block -> UNMOUNT unmount_params .)
    SEPARATOR       shift and go to state 27

    unmount_param                  shift and go to state 46

state 26

    (41) unmount_params -> unmount_param .

    SEPARATOR       reduce using rule 41 (unmount_params -> unmount_param .)
    MKDISK          reduce using rule 41 (unmount_params -> unmount_param .)
    RMDISK          reduce using rule 41 (unmount_params -> unmount_param .)
    FDISK           reduce using rule 41 (unmount_params -> unmount_param .)
    MOUNT           reduce using rule 41 (unmount_params -> unmount_param .)
    UNMOUNT         reduce using rule 41 (unmount_params -> unmount_param .)
    $end            reduce using rule 41 (unmount_params -> unmount_param .)


state 27

    (42) unmount_param -> SEPARATOR . ID_PARAM ASSIGN MOUNTNAME

    ID_PARAM        shift and go to state 47


state 28

    (12) mkdisk_params -> mkdisk_params mkdisk_param .

    SEPARATOR       reduce using rule 12 (mkdisk_params -> mkdisk_params mkdisk_param .)
    MKDISK          reduce using rule 12 (mkdisk_params -> mkdisk_params mkdisk_param .)
    RMDISK          reduce using rule 12 (mkdisk_params -> mkdisk_params mkdisk_param .)
    FDISK           reduce using rule 12 (mkdisk_params -> mkdisk_params mkdisk_param .)
    MOUNT           reduce using rule 12 (mkdisk_params -> mkdisk_params mkdisk_param .)
    UNMOUNT         reduce using rule 12 (mkdisk_params -> mkdisk_params mkdisk_param .)
    $end            reduce using rule 12 (mkdisk_params -> mkdisk_params mkdisk_param .)


state 29

    (14) mkdisk_param -> SEPARATOR SIZE . ASSIGN NUMBER

    ASSIGN          shift and go to state 48


state 30

    (15) mkdisk_param -> SEPARATOR PATH . ASSIGN PATHWITHQUOTES
    (16) mkdisk_param -> SEPARATOR PATH . ASSIGN PATHWITHOUTQUOTES

    ASSIGN          shift and go to state 49


state 31

    (17) mkdisk_param -> SEPARATOR UNIT . ASSIGN ID

    ASSIGN          shift and go to state 50


state 32

    (18) mkdisk_param -> SEPARATOR FIT . ASSIGN ID

    ASSIGN          shift and go to state 51


state 33

    (10) rmdisk_block -> RMDISK SEPARATOR PATH . ASSIGN PATHWITHQUOTES
    (11) rmdisk_block -> RMDISK SEPARATOR PATH . ASSIGN PATHWITHOUTQUOTES

    ASSIGN          shift and go to state 52


state 34

    (20) fdisk_params -> fdisk_params fdisk_param .

    SEPARATOR       reduce using rule 20 (fdisk_params -> fdisk_params fdisk_param .)
    MKDISK          reduce using rule 20 (fdisk_params -> fdisk_params fdisk_param .)
    RMDISK          reduce using rule 20 (fdisk_params -> fdisk_params fdisk_param .)
    FDISK           reduce using rule 20 (fdisk_params -> fdisk_params fdisk_param .)
    MOUNT           reduce using rule 20 (fdisk_params -> fdisk_params fdisk_param .)
    UNMOUNT         reduce using rule 20 (fdisk_params -> fdisk_params fdisk_param .)
    $end            reduce using rule 20 (fdisk_params -> fdisk_params fdisk_param .)


state 35

    (22) fdisk_param -> SEPARATOR SIZE . ASSIGN NUMBER

    ASSIGN          shift and go to state 53


state 36

    (23) fdisk_param -> SEPARATOR PATH . ASSIGN PATHWITHQUOTES
    (24) fdisk_param -> SEPARATOR PATH . ASSIGN PATHWITHOUTQUOTES

    ASSIGN          shift and go to state 54


state 37

    (25) fdisk_param -> SEPARATOR NAME . ASSIGN ID
    (26) fdisk_param -> SEPARATOR NAME . ASSIGN PATHWITHOUTQUOTES

    ASSIGN          shift and go to state 55


state 38

    (27) fdisk_param -> SEPARATOR UNIT . ASSIGN ID

    ASSIGN          shift and go to state 56


state 39

    (28) fdisk_param -> SEPARATOR TYPE . ASSIGN ID

    ASSIGN          shift and go to state 57


state 40

    (29) fdisk_param -> SEPARATOR FIT . ASSIGN ID

    ASSIGN          shift and go to state 58


state 41

    (30) fdisk_param -> SEPARATOR DELETE . ASSIGN ID

    ASSIGN          shift and go to state 59


state 42

    (31) fdisk_param -> SEPARATOR ADD . ASSIGN NUMBER
    (32) fdisk_param -> SEPARATOR ADD . ASSIGN NEGATIVE

    ASSIGN          shift and go to state 60


state 43

    (34) mount_params -> mount_params mount_param .

    SEPARATOR       reduce using rule 34 (mount_params -> mount_params mount_param .)
    MKDISK          reduce using rule 34 (mount_params -> mount_params mount_param .)
    RMDISK          reduce using rule 34 (mount_params -> mount_params mount_param .)
    FDISK           reduce using rule 34 (mount_params -> mount_params mount_param .)
    MOUNT           reduce using rule 34 (mount_params -> mount_params mount_param .)
    UNMOUNT         reduce using rule 34 (mount_params -> mount_params mount_param .)
    $end            reduce using rule 34 (mount_params -> mount_params mount_param .)


state 44

    (36) mount_param -> SEPARATOR PATH . ASSIGN PATHWITHQUOTES
    (37) mount_param -> SEPARATOR PATH . ASSIGN PATHWITHOUTQUOTES

    ASSIGN          shift and go to state 61


state 45

    (38) mount_param -> SEPARATOR NAME . ASSIGN ID

    ASSIGN          shift and go to state 62


state 46

    (40) unmount_params -> unmount_params unmount_param .

    SEPARATOR       reduce using rule 40 (unmount_params -> unmount_params unmount_param .)
    MKDISK          reduce using rule 40 (unmount_params -> unmount_params unmount_param .)
    RMDISK          reduce using rule 40 (unmount_params -> unmount_params unmount_param .)
    FDISK           reduce using rule 40 (unmount_params -> unmount_params unmount_param .)
    MOUNT           reduce using rule 40 (unmount_params -> unmount_params unmount_param .)
    UNMOUNT         reduce using rule 40 (unmount_params -> unmount_params unmount_param .)
    $end            reduce using rule 40 (unmount_params -> unmount_params unmount_param .)


state 47

    (42) unmount_param -> SEPARATOR ID_PARAM . ASSIGN MOUNTNAME

    ASSIGN          shift and go to state 63


state 48

    (14) mkdisk_param -> SEPARATOR SIZE ASSIGN . NUMBER

    NUMBER          shift and go to state 64


state 49

    (15) mkdisk_param -> SEPARATOR PATH ASSIGN . PATHWITHQUOTES
    (16) mkdisk_param -> SEPARATOR PATH ASSIGN . PATHWITHOUTQUOTES

    PATHWITHQUOTES  shift and go to state 65
    PATHWITHOUTQUOTES shift and go to state 66


state 50

    (17) mkdisk_param -> SEPARATOR UNIT ASSIGN . ID

    ID              shift and go to state 67


state 51

    (18) mkdisk_param -> SEPARATOR FIT ASSIGN . ID

    ID              shift and go to state 68


state 52

    (10) rmdisk_block -> RMDISK SEPARATOR PATH ASSIGN . PATHWITHQUOTES
    (11) rmdisk_block -> RMDISK SEPARATOR PATH ASSIGN . PATHWITHOUTQUOTES

    PATHWITHQUOTES  shift and go to state 69
    PATHWITHOUTQUOTES shift and go to state 70


state 53

    (22) fdisk_param -> SEPARATOR SIZE ASSIGN . NUMBER

    NUMBER          shift and go to state 71


state 54

    (23) fdisk_param -> SEPARATOR PATH ASSIGN . PATHWITHQUOTES
    (24) fdisk_param -> SEPARATOR PATH ASSIGN . PATHWITHOUTQUOTES

    PATHWITHQUOTES  shift and go to state 72
    PATHWITHOUTQUOTES shift and go to state 73


state 55

    (25) fdisk_param -> SEPARATOR NAME ASSIGN . ID
    (26) fdisk_param -> SEPARATOR NAME ASSIGN . PATHWITHOUTQUOTES

    ID              shift and go to state 74
    PATHWITHOUTQUOTES shift and go to state 75


state 56

    (27) fdisk_param -> SEPARATOR UNIT ASSIGN . ID

    ID              shift and go to state 76


state 57

    (28) fdisk_param -> SEPARATOR TYPE ASSIGN . ID

    ID              shift and go to state 77


state 58

    (29) fdisk_param -> SEPARATOR FIT ASSIGN . ID

    ID              shift and go to state 78


state 59

    (30) fdisk_param -> SEPARATOR DELETE ASSIGN . ID

    ID              shift and go to state 79


state 60

    (31) fdisk_param -> SEPARATOR ADD ASSIGN . NUMBER
    (32) fdisk_param -> SEPARATOR ADD ASSIGN . NEGATIVE

    NUMBER          shift and go to state 80
    NEGATIVE        shift and go to state 81


state 61

    (36) mount_param -> SEPARATOR PATH ASSIGN . PATHWITHQUOTES
    (37) mount_param -> SEPARATOR PATH ASSIGN . PATHWITHOUTQUOTES

    PATHWITHQUOTES  shift and go to state 82
    PATHWITHOUTQUOTES shift and go to state 83


state 62

    (38) mount_param -> SEPARATOR NAME ASSIGN . ID

    ID              shift and go to state 84


state 63

    (42) unmount_param -> SEPARATOR ID_PARAM ASSIGN . MOUNTNAME

    MOUNTNAME       shift and go to state 85


state 64

    (14) mkdisk_param -> SEPARATOR SIZE ASSIGN NUMBER .

    SEPARATOR       reduce using rule 14 (mkdisk_param -> SEPARATOR SIZE ASSIGN NUMBER .)
    MKDISK          reduce using rule 14 (mkdisk_param -> SEPARATOR SIZE ASSIGN NUMBER .)
    RMDISK          reduce using rule 14 (mkdisk_param -> SEPARATOR SIZE ASSIGN NUMBER .)
    FDISK           reduce using rule 14 (mkdisk_param -> SEPARATOR SIZE ASSIGN NUMBER .)
    MOUNT           reduce using rule 14 (mkdisk_param -> SEPARATOR SIZE ASSIGN NUMBER .)
    UNMOUNT         reduce using rule 14 (mkdisk_param -> SEPARATOR SIZE ASSIGN NUMBER .)
    $end            reduce using rule 14 (mkdisk_param -> SEPARATOR SIZE ASSIGN NUMBER .)


state 65

    (15) mkdisk_param -> SEPARATOR PATH ASSIGN PATHWITHQUOTES .

    SEPARATOR       reduce using rule 15 (mkdisk_param -> SEPARATOR PATH ASSIGN PATHWITHQUOTES .)
    MKDISK          reduce using rule 15 (mkdisk_param -> SEPARATOR PATH ASSIGN PATHWITHQUOTES .)
    RMDISK          reduce using rule 15 (mkdisk_param -> SEPARATOR PATH ASSIGN PATHWITHQUOTES .)
    FDISK           reduce using rule 15 (mkdisk_param -> SEPARATOR PATH ASSIGN PATHWITHQUOTES .)
    MOUNT           reduce using rule 15 (mkdisk_param -> SEPARATOR PATH ASSIGN PATHWITHQUOTES .)
    UNMOUNT         reduce using rule 15 (mkdisk_param -> SEPARATOR PATH ASSIGN PATHWITHQUOTES .)
    $end            reduce using rule 15 (mkdisk_param -> SEPARATOR PATH ASSIGN PATHWITHQUOTES .)


state 66

    (16) mkdisk_param -> SEPARATOR PATH ASSIGN PATHWITHOUTQUOTES .

    SEPARATOR       reduce using rule 16 (mkdisk_param -> SEPARATOR PATH ASSIGN PATHWITHOUTQUOTES .)
    MKDISK          reduce using rule 16 (mkdisk_param -> SEPARATOR PATH ASSIGN PATHWITHOUTQUOTES .)
    RMDISK          reduce using rule 16 (mkdisk_param -> SEPARATOR PATH ASSIGN PATHWITHOUTQUOTES .)
    FDISK           reduce using rule 16 (mkdisk_param -> SEPARATOR PATH ASSIGN PATHWITHOUTQUOTES .)
    MOUNT           reduce using rule 16 (mkdisk_param -> SEPARATOR PATH ASSIGN PATHWITHOUTQUOTES .)
    UNMOUNT         reduce using rule 16 (mkdisk_param -> SEPARATOR PATH ASSIGN PATHWITHOUTQUOTES .)
    $end            reduce using rule 16 (mkdisk_param -> SEPARATOR PATH ASSIGN PATHWITHOUTQUOTES .)


state 67

    (17) mkdisk_param -> SEPARATOR UNIT ASSIGN ID .

    SEPARATOR       reduce using rule 17 (mkdisk_param -> SEPARATOR UNIT ASSIGN ID .)
    MKDISK          reduce using rule 17 (mkdisk_param -> SEPARATOR UNIT ASSIGN ID .)
    RMDISK          reduce using rule 17 (mkdisk_param -> SEPARATOR UNIT ASSIGN ID .)
    FDISK           reduce using rule 17 (mkdisk_param -> SEPARATOR UNIT ASSIGN ID .)
    MOUNT           reduce using rule 17 (mkdisk_param -> SEPARATOR UNIT ASSIGN ID .)
    UNMOUNT         reduce using rule 17 (mkdisk_param -> SEPARATOR UNIT ASSIGN ID .)
    $end            reduce using rule 17 (mkdisk_param -> SEPARATOR UNIT ASSIGN ID .)


state 68

    (18) mkdisk_param -> SEPARATOR FIT ASSIGN ID .

    SEPARATOR       reduce using rule 18 (mkdisk_param -> SEPARATOR FIT ASSIGN ID .)
    MKDISK          reduce using rule 18 (mkdisk_param -> SEPARATOR FIT ASSIGN ID .)
    RMDISK          reduce using rule 18 (mkdisk_param -> SEPARATOR FIT ASSIGN ID .)
    FDISK           reduce using rule 18 (mkdisk_param -> SEPARATOR FIT ASSIGN ID .)
    MOUNT           reduce using rule 18 (mkdisk_param -> SEPARATOR FIT ASSIGN ID .)
    UNMOUNT         reduce using rule 18 (mkdisk_param -> SEPARATOR FIT ASSIGN ID .)
    $end            reduce using rule 18 (mkdisk_param -> SEPARATOR FIT ASSIGN ID .)


state 69

    (10) rmdisk_block -> RMDISK SEPARATOR PATH ASSIGN PATHWITHQUOTES .

    MKDISK          reduce using rule 10 (rmdisk_block -> RMDISK SEPARATOR PATH ASSIGN PATHWITHQUOTES .)
    RMDISK          reduce using rule 10 (rmdisk_block -> RMDISK SEPARATOR PATH ASSIGN PATHWITHQUOTES .)
    FDISK           reduce using rule 10 (rmdisk_block -> RMDISK SEPARATOR PATH ASSIGN PATHWITHQUOTES .)
    MOUNT           reduce using rule 10 (rmdisk_block -> RMDISK SEPARATOR PATH ASSIGN PATHWITHQUOTES .)
    UNMOUNT         reduce using rule 10 (rmdisk_block -> RMDISK SEPARATOR PATH ASSIGN PATHWITHQUOTES .)
    $end            reduce using rule 10 (rmdisk_block -> RMDISK SEPARATOR PATH ASSIGN PATHWITHQUOTES .)


state 70

    (11) rmdisk_block -> RMDISK SEPARATOR PATH ASSIGN PATHWITHOUTQUOTES .

    MKDISK          reduce using rule 11 (rmdisk_block -> RMDISK SEPARATOR PATH ASSIGN PATHWITHOUTQUOTES .)
    RMDISK          reduce using rule 11 (rmdisk_block -> RMDISK SEPARATOR PATH ASSIGN PATHWITHOUTQUOTES .)
    FDISK           reduce using rule 11 (rmdisk_block -> RMDISK SEPARATOR PATH ASSIGN PATHWITHOUTQUOTES .)
    MOUNT           reduce using rule 11 (rmdisk_block -> RMDISK SEPARATOR PATH ASSIGN PATHWITHOUTQUOTES .)
    UNMOUNT         reduce using rule 11 (rmdisk_block -> RMDISK SEPARATOR PATH ASSIGN PATHWITHOUTQUOTES .)
    $end            reduce using rule 11 (rmdisk_block -> RMDISK SEPARATOR PATH ASSIGN PATHWITHOUTQUOTES .)


state 71

    (22) fdisk_param -> SEPARATOR SIZE ASSIGN NUMBER .

    SEPARATOR       reduce using rule 22 (fdisk_param -> SEPARATOR SIZE ASSIGN NUMBER .)
    MKDISK          reduce using rule 22 (fdisk_param -> SEPARATOR SIZE ASSIGN NUMBER .)
    RMDISK          reduce using rule 22 (fdisk_param -> SEPARATOR SIZE ASSIGN NUMBER .)
    FDISK           reduce using rule 22 (fdisk_param -> SEPARATOR SIZE ASSIGN NUMBER .)
    MOUNT           reduce using rule 22 (fdisk_param -> SEPARATOR SIZE ASSIGN NUMBER .)
    UNMOUNT         reduce using rule 22 (fdisk_param -> SEPARATOR SIZE ASSIGN NUMBER .)
    $end            reduce using rule 22 (fdisk_param -> SEPARATOR SIZE ASSIGN NUMBER .)


state 72

    (23) fdisk_param -> SEPARATOR PATH ASSIGN PATHWITHQUOTES .

    SEPARATOR       reduce using rule 23 (fdisk_param -> SEPARATOR PATH ASSIGN PATHWITHQUOTES .)
    MKDISK          reduce using rule 23 (fdisk_param -> SEPARATOR PATH ASSIGN PATHWITHQUOTES .)
    RMDISK          reduce using rule 23 (fdisk_param -> SEPARATOR PATH ASSIGN PATHWITHQUOTES .)
    FDISK           reduce using rule 23 (fdisk_param -> SEPARATOR PATH ASSIGN PATHWITHQUOTES .)
    MOUNT           reduce using rule 23 (fdisk_param -> SEPARATOR PATH ASSIGN PATHWITHQUOTES .)
    UNMOUNT         reduce using rule 23 (fdisk_param -> SEPARATOR PATH ASSIGN PATHWITHQUOTES .)
    $end            reduce using rule 23 (fdisk_param -> SEPARATOR PATH ASSIGN PATHWITHQUOTES .)


state 73

    (24) fdisk_param -> SEPARATOR PATH ASSIGN PATHWITHOUTQUOTES .

    SEPARATOR       reduce using rule 24 (fdisk_param -> SEPARATOR PATH ASSIGN PATHWITHOUTQUOTES .)
    MKDISK          reduce using rule 24 (fdisk_param -> SEPARATOR PATH ASSIGN PATHWITHOUTQUOTES .)
    RMDISK          reduce using rule 24 (fdisk_param -> SEPARATOR PATH ASSIGN PATHWITHOUTQUOTES .)
    FDISK           reduce using rule 24 (fdisk_param -> SEPARATOR PATH ASSIGN PATHWITHOUTQUOTES .)
    MOUNT           reduce using rule 24 (fdisk_param -> SEPARATOR PATH ASSIGN PATHWITHOUTQUOTES .)
    UNMOUNT         reduce using rule 24 (fdisk_param -> SEPARATOR PATH ASSIGN PATHWITHOUTQUOTES .)
    $end            reduce using rule 24 (fdisk_param -> SEPARATOR PATH ASSIGN PATHWITHOUTQUOTES .)


state 74

    (25) fdisk_param -> SEPARATOR NAME ASSIGN ID .

    SEPARATOR       reduce using rule 25 (fdisk_param -> SEPARATOR NAME ASSIGN ID .)
    MKDISK          reduce using rule 25 (fdisk_param -> SEPARATOR NAME ASSIGN ID .)
    RMDISK          reduce using rule 25 (fdisk_param -> SEPARATOR NAME ASSIGN ID .)
    FDISK           reduce using rule 25 (fdisk_param -> SEPARATOR NAME ASSIGN ID .)
    MOUNT           reduce using rule 25 (fdisk_param -> SEPARATOR NAME ASSIGN ID .)
    UNMOUNT         reduce using rule 25 (fdisk_param -> SEPARATOR NAME ASSIGN ID .)
    $end            reduce using rule 25 (fdisk_param -> SEPARATOR NAME ASSIGN ID .)


state 75

    (26) fdisk_param -> SEPARATOR NAME ASSIGN PATHWITHOUTQUOTES .

    SEPARATOR       reduce using rule 26 (fdisk_param -> SEPARATOR NAME ASSIGN PATHWITHOUTQUOTES .)
    MKDISK          reduce using rule 26 (fdisk_param -> SEPARATOR NAME ASSIGN PATHWITHOUTQUOTES .)
    RMDISK          reduce using rule 26 (fdisk_param -> SEPARATOR NAME ASSIGN PATHWITHOUTQUOTES .)
    FDISK           reduce using rule 26 (fdisk_param -> SEPARATOR NAME ASSIGN PATHWITHOUTQUOTES .)
    MOUNT           reduce using rule 26 (fdisk_param -> SEPARATOR NAME ASSIGN PATHWITHOUTQUOTES .)
    UNMOUNT         reduce using rule 26 (fdisk_param -> SEPARATOR NAME ASSIGN PATHWITHOUTQUOTES .)
    $end            reduce using rule 26 (fdisk_param -> SEPARATOR NAME ASSIGN PATHWITHOUTQUOTES .)


state 76

    (27) fdisk_param -> SEPARATOR UNIT ASSIGN ID .

    SEPARATOR       reduce using rule 27 (fdisk_param -> SEPARATOR UNIT ASSIGN ID .)
    MKDISK          reduce using rule 27 (fdisk_param -> SEPARATOR UNIT ASSIGN ID .)
    RMDISK          reduce using rule 27 (fdisk_param -> SEPARATOR UNIT ASSIGN ID .)
    FDISK           reduce using rule 27 (fdisk_param -> SEPARATOR UNIT ASSIGN ID .)
    MOUNT           reduce using rule 27 (fdisk_param -> SEPARATOR UNIT ASSIGN ID .)
    UNMOUNT         reduce using rule 27 (fdisk_param -> SEPARATOR UNIT ASSIGN ID .)
    $end            reduce using rule 27 (fdisk_param -> SEPARATOR UNIT ASSIGN ID .)


state 77

    (28) fdisk_param -> SEPARATOR TYPE ASSIGN ID .

    SEPARATOR       reduce using rule 28 (fdisk_param -> SEPARATOR TYPE ASSIGN ID .)
    MKDISK          reduce using rule 28 (fdisk_param -> SEPARATOR TYPE ASSIGN ID .)
    RMDISK          reduce using rule 28 (fdisk_param -> SEPARATOR TYPE ASSIGN ID .)
    FDISK           reduce using rule 28 (fdisk_param -> SEPARATOR TYPE ASSIGN ID .)
    MOUNT           reduce using rule 28 (fdisk_param -> SEPARATOR TYPE ASSIGN ID .)
    UNMOUNT         reduce using rule 28 (fdisk_param -> SEPARATOR TYPE ASSIGN ID .)
    $end            reduce using rule 28 (fdisk_param -> SEPARATOR TYPE ASSIGN ID .)


state 78

    (29) fdisk_param -> SEPARATOR FIT ASSIGN ID .

    SEPARATOR       reduce using rule 29 (fdisk_param -> SEPARATOR FIT ASSIGN ID .)
    MKDISK          reduce using rule 29 (fdisk_param -> SEPARATOR FIT ASSIGN ID .)
    RMDISK          reduce using rule 29 (fdisk_param -> SEPARATOR FIT ASSIGN ID .)
    FDISK           reduce using rule 29 (fdisk_param -> SEPARATOR FIT ASSIGN ID .)
    MOUNT           reduce using rule 29 (fdisk_param -> SEPARATOR FIT ASSIGN ID .)
    UNMOUNT         reduce using rule 29 (fdisk_param -> SEPARATOR FIT ASSIGN ID .)
    $end            reduce using rule 29 (fdisk_param -> SEPARATOR FIT ASSIGN ID .)


state 79

    (30) fdisk_param -> SEPARATOR DELETE ASSIGN ID .

    SEPARATOR       reduce using rule 30 (fdisk_param -> SEPARATOR DELETE ASSIGN ID .)
    MKDISK          reduce using rule 30 (fdisk_param -> SEPARATOR DELETE ASSIGN ID .)
    RMDISK          reduce using rule 30 (fdisk_param -> SEPARATOR DELETE ASSIGN ID .)
    FDISK           reduce using rule 30 (fdisk_param -> SEPARATOR DELETE ASSIGN ID .)
    MOUNT           reduce using rule 30 (fdisk_param -> SEPARATOR DELETE ASSIGN ID .)
    UNMOUNT         reduce using rule 30 (fdisk_param -> SEPARATOR DELETE ASSIGN ID .)
    $end            reduce using rule 30 (fdisk_param -> SEPARATOR DELETE ASSIGN ID .)


state 80

    (31) fdisk_param -> SEPARATOR ADD ASSIGN NUMBER .

    SEPARATOR       reduce using rule 31 (fdisk_param -> SEPARATOR ADD ASSIGN NUMBER .)
    MKDISK          reduce using rule 31 (fdisk_param -> SEPARATOR ADD ASSIGN NUMBER .)
    RMDISK          reduce using rule 31 (fdisk_param -> SEPARATOR ADD ASSIGN NUMBER .)
    FDISK           reduce using rule 31 (fdisk_param -> SEPARATOR ADD ASSIGN NUMBER .)
    MOUNT           reduce using rule 31 (fdisk_param -> SEPARATOR ADD ASSIGN NUMBER .)
    UNMOUNT         reduce using rule 31 (fdisk_param -> SEPARATOR ADD ASSIGN NUMBER .)
    $end            reduce using rule 31 (fdisk_param -> SEPARATOR ADD ASSIGN NUMBER .)


state 81

    (32) fdisk_param -> SEPARATOR ADD ASSIGN NEGATIVE .

    SEPARATOR       reduce using rule 32 (fdisk_param -> SEPARATOR ADD ASSIGN NEGATIVE .)
    MKDISK          reduce using rule 32 (fdisk_param -> SEPARATOR ADD ASSIGN NEGATIVE .)
    RMDISK          reduce using rule 32 (fdisk_param -> SEPARATOR ADD ASSIGN NEGATIVE .)
    FDISK           reduce using rule 32 (fdisk_param -> SEPARATOR ADD ASSIGN NEGATIVE .)
    MOUNT           reduce using rule 32 (fdisk_param -> SEPARATOR ADD ASSIGN NEGATIVE .)
    UNMOUNT         reduce using rule 32 (fdisk_param -> SEPARATOR ADD ASSIGN NEGATIVE .)
    $end            reduce using rule 32 (fdisk_param -> SEPARATOR ADD ASSIGN NEGATIVE .)


state 82

    (36) mount_param -> SEPARATOR PATH ASSIGN PATHWITHQUOTES .

    SEPARATOR       reduce using rule 36 (mount_param -> SEPARATOR PATH ASSIGN PATHWITHQUOTES .)
    MKDISK          reduce using rule 36 (mount_param -> SEPARATOR PATH ASSIGN PATHWITHQUOTES .)
    RMDISK          reduce using rule 36 (mount_param -> SEPARATOR PATH ASSIGN PATHWITHQUOTES .)
    FDISK           reduce using rule 36 (mount_param -> SEPARATOR PATH ASSIGN PATHWITHQUOTES .)
    MOUNT           reduce using rule 36 (mount_param -> SEPARATOR PATH ASSIGN PATHWITHQUOTES .)
    UNMOUNT         reduce using rule 36 (mount_param -> SEPARATOR PATH ASSIGN PATHWITHQUOTES .)
    $end            reduce using rule 36 (mount_param -> SEPARATOR PATH ASSIGN PATHWITHQUOTES .)


state 83

    (37) mount_param -> SEPARATOR PATH ASSIGN PATHWITHOUTQUOTES .

    SEPARATOR       reduce using rule 37 (mount_param -> SEPARATOR PATH ASSIGN PATHWITHOUTQUOTES .)
    MKDISK          reduce using rule 37 (mount_param -> SEPARATOR PATH ASSIGN PATHWITHOUTQUOTES .)
    RMDISK          reduce using rule 37 (mount_param -> SEPARATOR PATH ASSIGN PATHWITHOUTQUOTES .)
    FDISK           reduce using rule 37 (mount_param -> SEPARATOR PATH ASSIGN PATHWITHOUTQUOTES .)
    MOUNT           reduce using rule 37 (mount_param -> SEPARATOR PATH ASSIGN PATHWITHOUTQUOTES .)
    UNMOUNT         reduce using rule 37 (mount_param -> SEPARATOR PATH ASSIGN PATHWITHOUTQUOTES .)
    $end            reduce using rule 37 (mount_param -> SEPARATOR PATH ASSIGN PATHWITHOUTQUOTES .)


state 84

    (38) mount_param -> SEPARATOR NAME ASSIGN ID .

    SEPARATOR       reduce using rule 38 (mount_param -> SEPARATOR NAME ASSIGN ID .)
    MKDISK          reduce using rule 38 (mount_param -> SEPARATOR NAME ASSIGN ID .)
    RMDISK          reduce using rule 38 (mount_param -> SEPARATOR NAME ASSIGN ID .)
    FDISK           reduce using rule 38 (mount_param -> SEPARATOR NAME ASSIGN ID .)
    MOUNT           reduce using rule 38 (mount_param -> SEPARATOR NAME ASSIGN ID .)
    UNMOUNT         reduce using rule 38 (mount_param -> SEPARATOR NAME ASSIGN ID .)
    $end            reduce using rule 38 (mount_param -> SEPARATOR NAME ASSIGN ID .)


state 85

    (42) unmount_param -> SEPARATOR ID_PARAM ASSIGN MOUNTNAME .

    SEPARATOR       reduce using rule 42 (unmount_param -> SEPARATOR ID_PARAM ASSIGN MOUNTNAME .)
    MKDISK          reduce using rule 42 (unmount_param -> SEPARATOR ID_PARAM ASSIGN MOUNTNAME .)
    RMDISK          reduce using rule 42 (unmount_param -> SEPARATOR ID_PARAM ASSIGN MOUNTNAME .)
    FDISK           reduce using rule 42 (unmount_param -> SEPARATOR ID_PARAM ASSIGN MOUNTNAME .)
    MOUNT           reduce using rule 42 (unmount_param -> SEPARATOR ID_PARAM ASSIGN MOUNTNAME .)
    UNMOUNT         reduce using rule 42 (unmount_param -> SEPARATOR ID_PARAM ASSIGN MOUNTNAME .)
    $end            reduce using rule 42 (unmount_param -> SEPARATOR ID_PARAM ASSIGN MOUNTNAME .)

